<?xml version="1.0" encoding="UTF-8"?>
<!-- Generated by org.testng.reporters.JUnitReportReporter -->
<testsuite hostname="senthils-MacBook-Pro-2.local" failures="0" tests="3" name="hybridapp.HybridTest" time="14.999" errors="0" timestamp="10 Jun 2021 03:39:18 GMT" skipped="2">
  <testcase classname="hybridapp.HybridTest" name="testcase3" time="14.999"/>
  <testcase classname="hybridapp.HybridTest" name="testcase2">
    <skipped/>
  </testcase> <!-- testcase2 -->
  <testcase classname="hybridapp.HybridTest" name="testcase1">
    <skipped/>
  </testcase> <!-- testcase1 -->
</testsuite> <!-- hybridapp.HybridTest -->
