<?xml version="1.0" encoding="UTF-8"?>
<!-- Generated by org.testng.reporters.JUnitReportReporter -->
<testsuite hostname="senthils-MacBook-Pro-2.local" failures="0" tests="4" name="hybridapp.HybridTest" time="31.340" errors="0" timestamp="10 Jun 2021 05:08:37 GMT" skipped="3">
  <testcase classname="hybridapp.HybridTest" name="testcase4" time="31.340"/>
  <testcase classname="hybridapp.HybridTest" name="testcase3">
    <skipped/>
  </testcase> <!-- testcase3 -->
  <testcase classname="hybridapp.HybridTest" name="testcase2">
    <skipped/>
  </testcase> <!-- testcase2 -->
  <testcase classname="hybridapp.HybridTest" name="testcase1">
    <skipped/>
  </testcase> <!-- testcase1 -->
</testsuite> <!-- hybridapp.HybridTest -->
